 
****************************************
Report : timing
        -path full
        -delay max
        -max_paths 1
Design : rop3_lut256
Version: O-2018.06
Date   : Wed Oct 24 20:32:27 2018
****************************************

Operating Conditions: ss0p95v125c   Library: saed32hvt_ss0p95v125c
Wire Load Model Mode: enclosed

  Startpoint: Mode[6] (input port clocked by clk)
  Endpoint: Result_reg_0_
            (rising edge-triggered flip-flop clocked by clk)
  Path Group: clk
  Path Type: max

  Des/Clust/Port     Wire Load Model       Library
  ------------------------------------------------
  rop3_lut256        8000                  saed32hvt_ss0p95v125c

  Point                                    Incr       Path
  -----------------------------------------------------------
  clock clk (rise edge)                  0.0000     0.0000
  clock network delay (ideal)            0.0000     0.0000
  input external delay                   0.9000     0.9000 f
  Mode[6] (in)                           0.0000     0.9000 f
  U1020/Y (INVX0_HVT)                    0.0172     0.9172 r
  U1055/Y (NAND2X0_HVT)                  0.0912     1.0084 f
  U1080/Y (INVX0_HVT)                    0.1058     1.1142 r
  U1257/Y (OA221X1_HVT)                  0.1596     1.2738 r
  U1258/Y (AO221X1_HVT)                  0.1100     1.3838 r
  U1260/Y (AO222X1_HVT)                  0.1703     1.5540 r
  Result_reg_0_/D (DFFX1_HVT)            0.0000     1.5540 r
  data arrival time                                 1.5540

  clock clk (rise edge)                  1.8000     1.8000
  clock network delay (ideal)            0.0000     1.8000
  Result_reg_0_/CLK (DFFX1_HVT)          0.0000     1.8000 r
  library setup time                    -0.1006     1.6994
  data required time                                1.6994
  -----------------------------------------------------------
  data required time                                1.6994
  data arrival time                                -1.5540
  -----------------------------------------------------------
  slack (MET)                                       0.1454


1
