 
****************************************
Report : timing
        -path full
        -delay max
        -max_paths 1
Design : qr_encode
Version: O-2018.06
Date   : Wed Nov 21 11:10:19 2018
****************************************

Operating Conditions: ss0p95v125c   Library: saed32hvt_ss0p95v125c
Wire Load Model Mode: enclosed

  Startpoint: srstn (input port clocked by clk)
  Endpoint: clk_gate_record_data_reg_6_/latch
            (positive level-sensitive latch clocked by clk')
  Path Group: clk
  Path Type: max

  Des/Clust/Port     Wire Load Model       Library
  ------------------------------------------------
  qr_encode          16000                 saed32hvt_ss0p95v125c

  Point                                                   Incr       Path
  --------------------------------------------------------------------------
  clock clk (rise edge)                                 0.0000     0.0000
  clock network delay (ideal)                           0.0000     0.0000
  input external delay                                  2.8000     2.8000 f
  srstn (in)                                            0.0000     2.8000 f
  U1829/Y (INVX32_HVT)                                  0.0097     2.8097 r
  U3004/Y (AO21X1_HVT)                                  0.0638     2.8736 r
  U3016/Y (AO21X1_HVT)                                  0.0776     2.9512 r
  clk_gate_record_data_reg_6_/EN (SNPS_CLOCK_GATE_HIGH_qr_encode_mydesign_9)
                                                        0.0000     2.9512 r
  clk_gate_record_data_reg_6_/latch/D (LATCHX1_HVT)     0.0000     2.9512 r
  data arrival time                                                2.9512

  clock clk' (rise edge)                                1.7500     1.7500
  clock network delay (ideal)                           0.0000     1.7500
  clk_gate_record_data_reg_6_/latch/CLK (LATCHX1_HVT)   0.0000     1.7500 r
  time borrowed from endpoint                           1.2012     2.9512
  data required time                                               2.9512
  --------------------------------------------------------------------------
  data required time                                               2.9512
  data arrival time                                               -2.9512
  --------------------------------------------------------------------------
  slack (MET)                                                      0.0000

  Time Borrowing Information
  --------------------------------------------------------------
  clk' nominal pulse width                              1.7500   
  library setup time                                   -0.1070   
  --------------------------------------------------------------
  max time borrow                                       1.6430   
  actual time borrow                                    1.2012   
  --------------------------------------------------------------


1
